#! /usr/bin/vvp
:ivl_version "11.0 (stable)";
:ivl_delay_selection "TYPICAL";
:vpi_time_precision - 12;
:vpi_module "/usr/lib/x86_64-linux-gnu/ivl/system.vpi";
:vpi_module "/usr/lib/x86_64-linux-gnu/ivl/vhdl_sys.vpi";
:vpi_module "/usr/lib/x86_64-linux-gnu/ivl/vhdl_textio.vpi";
:vpi_module "/usr/lib/x86_64-linux-gnu/ivl/v2005_math.vpi";
:vpi_module "/usr/lib/x86_64-linux-gnu/ivl/va_math.vpi";
S_0x5567fc6cf0f0 .scope module, "tb_dff_with_or" "tb_dff_with_or" 2 4;
 .timescale -9 -12;
v0x5567fc6e21c0_0 .var "clk", 0 0;
v0x5567fc6e2290_0 .var "in", 0 0;
v0x5567fc6e2360_0 .net "out", 0 0, v0x5567fc6e20a0_0;  1 drivers
S_0x5567fc6cf280 .scope module, "dut" "dff" 2 14, 3 1 0, S_0x5567fc6cf0f0;
 .timescale -9 -12;
    .port_info 0 /INPUT 1 "clk";
    .port_info 1 /INPUT 1 "in";
    .port_info 2 /OUTPUT 1 "out";
v0x5567fc6977b0_0 .net "clk", 0 0, v0x5567fc6e21c0_0;  1 drivers
v0x5567fc697ba0_0 .net "in", 0 0, v0x5567fc6e2290_0;  1 drivers
v0x5567fc6e20a0_0 .var "out", 0 0;
E_0x5567fc696560 .event posedge, v0x5567fc6977b0_0;
    .scope S_0x5567fc6cf280;
T_0 ;
    %wait E_0x5567fc696560;
    %load/vec4 v0x5567fc697ba0_0;
    %load/vec4 v0x5567fc6e20a0_0;
    %xor;
    %assign/vec4 v0x5567fc6e20a0_0, 0;
    %jmp T_0;
    .thread T_0;
    .scope S_0x5567fc6cf0f0;
T_1 ;
    %pushi/vec4 0, 0, 1;
    %store/vec4 v0x5567fc6e21c0_0, 0, 1;
    %end;
    .thread T_1;
    .scope S_0x5567fc6cf0f0;
T_2 ;
    %delay 5000, 0;
    %load/vec4 v0x5567fc6e21c0_0;
    %inv;
    %store/vec4 v0x5567fc6e21c0_0, 0, 1;
    %jmp T_2;
    .thread T_2;
    .scope S_0x5567fc6cf0f0;
T_3 ;
    %vpi_call 2 28 "$dumpfile", "./dff.vcd" {0 0 0};
    %vpi_call 2 29 "$dumpvars", 32'sb00000000000000000000000000000000, S_0x5567fc6cf0f0 {0 0 0};
    %pushi/vec4 0, 0, 1;
    %store/vec4 v0x5567fc6e2290_0, 0, 1;
    %delay 10000, 0;
    %pushi/vec4 1, 0, 1;
    %store/vec4 v0x5567fc6e2290_0, 0, 1;
    %delay 10000, 0;
    %pushi/vec4 0, 0, 1;
    %store/vec4 v0x5567fc6e2290_0, 0, 1;
    %delay 10000, 0;
    %pushi/vec4 1, 0, 1;
    %store/vec4 v0x5567fc6e2290_0, 0, 1;
    %delay 20000, 0;
    %pushi/vec4 0, 0, 1;
    %store/vec4 v0x5567fc6e2290_0, 0, 1;
    %delay 50000, 0;
    %vpi_call 2 41 "$finish" {0 0 0};
    %end;
    .thread T_3;
    .scope S_0x5567fc6cf0f0;
T_4 ;
    %vpi_call 2 46 "$monitor", "Time = %0t, clk = %b, in = %b, out = %b", $time, v0x5567fc6e21c0_0, v0x5567fc6e2290_0, v0x5567fc6e2360_0 {0 0 0};
    %end;
    .thread T_4;
# The file index is used to find the file name in the following table.
:file_names 4;
    "N/A";
    "<interactive>";
    "dff_tb.v";
    "./dff.v";
